2025-09-24 14:42:10,899 INFO o.a.j.u.JMeterUtils: Setting Locale to en_EN
2025-09-24 14:42:10,928 INFO o.a.j.JMeter: Loading user properties from: /opt/homebrew/Cellar/jmeter/5.6.3/libexec/bin/user.properties
2025-09-24 14:42:10,929 INFO o.a.j.JMeter: Loading system properties from: /opt/homebrew/Cellar/jmeter/5.6.3/libexec/bin/system.properties
2025-09-24 14:42:10,933 INFO o.a.j.JMeter: Copyright (c) 1998-2024 The Apache Software Foundation
2025-09-24 14:42:10,933 INFO o.a.j.JMeter: Version 5.6.3
2025-09-24 14:42:10,933 INFO o.a.j.JMeter: java.version=21.0.8
2025-09-24 14:42:10,933 INFO o.a.j.JMeter: java.vm.name=OpenJDK 64-Bit Server VM
2025-09-24 14:42:10,933 INFO o.a.j.JMeter: os.name=Mac OS X
2025-09-24 14:42:10,933 INFO o.a.j.JMeter: os.arch=aarch64
2025-09-24 14:42:10,933 INFO o.a.j.JMeter: os.version=15.5
2025-09-24 14:42:10,933 INFO o.a.j.JMeter: file.encoding=UTF-8
2025-09-24 14:42:10,934 INFO o.a.j.JMeter: java.awt.headless=null
2025-09-24 14:42:10,934 INFO o.a.j.JMeter: Max memory     =1073741824
2025-09-24 14:42:10,934 INFO o.a.j.JMeter: Available Processors =10
2025-09-24 14:42:10,943 INFO o.a.j.JMeter: Default Locale=English (EN)
2025-09-24 14:42:10,943 INFO o.a.j.JMeter: JMeter  Locale=English (EN)
2025-09-24 14:42:10,943 INFO o.a.j.JMeter: JMeterHome=/opt/homebrew/Cellar/jmeter/5.6.3/libexec
2025-09-24 14:42:10,943 INFO o.a.j.JMeter: user.dir  =/Users/guybarros/GIT_ROOT/terraform-aws-demostack
2025-09-24 14:42:10,943 INFO o.a.j.JMeter: PWD       =/Users/guybarros/GIT_ROOT/terraform-aws-demostack
2025-09-24 14:42:11,018 INFO o.a.j.JMeter: IP: 192.168.0.193 Name: guybarros-C0906GWL9V FullName: 192.168.0.193
2025-09-24 14:42:11,029 INFO o.a.j.JMeter: Loaded icon properties from org/apache/jmeter/images/icon.properties
2025-09-24 14:42:11,801 INFO o.a.j.JMeterGuiLauncher: Setting LAF to: com.github.weisj.darklaf.DarkLaf:com.github.weisj.darklaf.theme.DarculaTheme
2025-09-24 14:42:16,187 INFO o.a.j.r.ClassFinder: Will scan jar /opt/homebrew/Cellar/jmeter/5.6.3/libexec/lib/ext/jmeter-plugins-manager-1.9.jar with filter ExtendsClassFilter [parents=[interface org.apache.jmeter.gui.action.Command], inner=false, contains=null, notContains=null]. Consider exposing JMeter plugins via META-INF/services, and add JMeter-Skip-Class-Scanning=true manifest attribute so JMeter can skip classfile scanning
2025-09-24 14:42:16,326 INFO o.a.j.r.ClassFinder: Will scan jar /opt/homebrew/Cellar/jmeter/5.6.3/libexec/lib/ext/jmeter-plugins-manager-1.9.jar with filter ExtendsClassFilter [parents=[interface org.apache.jmeter.gui.plugin.MenuCreator], inner=false, contains=null, notContains=null]. Consider exposing JMeter plugins via META-INF/services, and add JMeter-Skip-Class-Scanning=true manifest attribute so JMeter can skip classfile scanning
2025-09-24 14:42:16,406 INFO o.j.r.JARSourceHTTP: Requesting https://jmeter-plugins.org/repo/?installID=mac_os_x-2eb70e6eebb54da8c688c23a1b4842f2-gui
2025-09-24 14:42:18,285 INFO o.j.r.PluginManager: Plugins Status: [jpgc-plugins-manager=1.9, jmeter-core=5.6.3, jmeter-ftp=5.6.3, jmeter-http=5.6.3, jmeter-jdbc=5.6.3, jmeter-jms=5.6.3, jmeter-junit=5.6.3, jmeter-java=5.6.3, jmeter-ldap=5.6.3, jmeter-mail=5.6.3, jmeter-mongodb=5.6.3, jmeter-native=5.6.3, jmeter-tcp=5.6.3, jmeter-components=5.6.3]
2025-09-24 14:42:18,293 INFO o.j.r.PluginManagerMenuItem: Plugins Manager has upgrades: [jpgc-plugins-manager]
2025-09-24 14:43:10,029 INFO o.a.j.s.FileServer: Default base='/Users/guybarros/GIT_ROOT/terraform-aws-demostack'
2025-09-24 14:43:10,033 INFO o.a.j.g.a.Load: Loading file: /Users/guybarros/GIT_ROOT/terraform-vault-transform-cpf/api_test_case.jmx
2025-09-24 14:43:10,033 INFO o.a.j.s.FileServer: Set new base='/Users/guybarros/GIT_ROOT/terraform-vault-transform-cpf'
2025-09-24 14:43:10,146 INFO o.a.j.s.SaveService: Testplan (JMX) version: 2.2. Testlog (JTL) version: 2.2
2025-09-24 14:43:10,151 INFO o.a.j.s.SaveService: Using SaveService properties version 5.0
2025-09-24 14:43:10,152 INFO o.a.j.s.SaveService: Using SaveService properties file encoding UTF-8
2025-09-24 14:43:10,153 INFO o.a.j.s.SaveService: Loading file: /Users/guybarros/GIT_ROOT/terraform-vault-transform-cpf/api_test_case.jmx
2025-09-24 14:43:10,205 INFO o.a.j.p.h.s.HTTPSamplerBase: Parser for text/html is org.apache.jmeter.protocol.http.parser.LagartoBasedHtmlParser
2025-09-24 14:43:10,205 INFO o.a.j.p.h.s.HTTPSamplerBase: Parser for application/xhtml+xml is org.apache.jmeter.protocol.http.parser.LagartoBasedHtmlParser
2025-09-24 14:43:10,205 INFO o.a.j.p.h.s.HTTPSamplerBase: Parser for application/xml is org.apache.jmeter.protocol.http.parser.LagartoBasedHtmlParser
2025-09-24 14:43:10,205 INFO o.a.j.p.h.s.HTTPSamplerBase: Parser for text/xml is org.apache.jmeter.protocol.http.parser.LagartoBasedHtmlParser
2025-09-24 14:43:10,205 INFO o.a.j.p.h.s.HTTPSamplerBase: Parser for text/vnd.wap.wml is org.apache.jmeter.protocol.http.parser.RegexpHTMLParser
2025-09-24 14:43:10,205 INFO o.a.j.p.h.s.HTTPSamplerBase: Parser for text/css is org.apache.jmeter.protocol.http.parser.CssParser
2025-09-24 14:43:10,379 INFO o.a.j.s.SampleResult: Note: Sample TimeStamps are START times
2025-09-24 14:43:10,379 INFO o.a.j.s.SampleResult: sampleresult.default.encoding is set to UTF-8
2025-09-24 14:43:10,379 INFO o.a.j.s.SampleResult: sampleresult.useNanoTime=true
2025-09-24 14:43:10,379 INFO o.a.j.s.SampleResult: sampleresult.nanoThreadSleep=5000
2025-09-24 14:43:10,445 INFO o.a.j.r.ClassFinder: Will scan jar /opt/homebrew/Cellar/jmeter/5.6.3/libexec/lib/ext/jmeter-plugins-manager-1.9.jar with filter ExtendsClassFilter [parents=[interface org.apache.jmeter.visualizers.ResultRenderer], inner=false, contains=null, notContains=null]. Consider exposing JMeter plugins via META-INF/services, and add JMeter-Skip-Class-Scanning=true manifest attribute so JMeter can skip classfile scanning
2025-09-24 14:43:10,458 INFO o.a.j.r.ClassFinder: Will scan jar /opt/homebrew/Cellar/jmeter/5.6.3/libexec/lib/ext/jmeter-plugins-manager-1.9.jar with filter ExtendsClassFilter [parents=[interface org.apache.jmeter.visualizers.RequestView], inner=false, contains=null, notContains=null]. Consider exposing JMeter plugins via META-INF/services, and add JMeter-Skip-Class-Scanning=true manifest attribute so JMeter can skip classfile scanning
2025-09-24 14:43:10,504 INFO o.a.j.s.FileServer: Set new base='/Users/guybarros/GIT_ROOT/terraform-vault-transform-cpf'
2025-09-24 14:44:52,509 INFO o.a.j.e.StandardJMeterEngine: Running the test!
2025-09-24 14:44:52,510 INFO o.a.j.s.SampleEvent: List of sample_variables: []
2025-09-24 14:44:52,510 INFO o.a.j.s.SampleEvent: List of sample_variables: []
2025-09-24 14:44:52,511 INFO o.a.j.e.u.CompoundVariable: Note: Function class names must contain the string: '.functions.'
2025-09-24 14:44:52,511 INFO o.a.j.e.u.CompoundVariable: Note: Function class names must not contain the string: '.gui.'
2025-09-24 14:44:52,542 INFO o.a.j.r.ClassFinder: Will scan jar /opt/homebrew/Cellar/jmeter/5.6.3/libexec/lib/ext/jmeter-plugins-manager-1.9.jar with filter ExtendsClassFilter [parents=[interface org.apache.jmeter.functions.Function], inner=false, contains=null, notContains=null]. Consider exposing JMeter plugins via META-INF/services, and add JMeter-Skip-Class-Scanning=true manifest attribute so JMeter can skip classfile scanning
2025-09-24 14:44:52,550 INFO o.a.j.g.u.JMeterMenuBar: setRunning(true, *local*)
2025-09-24 14:44:52,602 INFO o.a.j.e.StandardJMeterEngine: Starting ThreadGroup: 1 : transformation-encode
2025-09-24 14:44:52,603 INFO o.a.j.e.StandardJMeterEngine: Starting 1 threads for group transformation-encode.
2025-09-24 14:44:52,603 INFO o.a.j.e.StandardJMeterEngine: Thread will continue on error
2025-09-24 14:44:52,603 INFO o.a.j.t.ThreadGroup: Starting thread group... number=1 threads=1 ramp-up=1 delayedStart=false
2025-09-24 14:44:52,604 INFO o.a.j.t.ThreadGroup: Started thread group number 1
2025-09-24 14:44:52,604 INFO o.a.j.e.StandardJMeterEngine: All thread groups have been started
2025-09-24 14:44:52,605 INFO o.a.j.t.JMeterThread: Thread started: transformation-encode 1-1
2025-09-24 14:44:52,612 INFO o.a.j.p.h.s.HTTPHCAbstractImpl: Local host = guybarros-C0906GWL9V
2025-09-24 14:44:52,617 INFO o.a.j.p.h.s.HTTPHC4Impl: HTTP request retry count = 0
2025-09-24 14:44:52,819 INFO o.a.j.p.h.s.h.LazyLayeredConnectionSocketFactory: Setting up HTTPS TrustAll Socket Factory
2025-09-24 14:44:52,820 INFO o.a.j.u.JsseSSLManager: Using default SSL protocol: TLS
2025-09-24 14:44:52,820 INFO o.a.j.u.JsseSSLManager: SSL session context: per-thread
2025-09-24 14:44:52,937 INFO o.a.j.u.SSLManager: JmeterKeyStore Location:  type JKS
2025-09-24 14:44:52,938 INFO o.a.j.u.SSLManager: KeyStore created OK
2025-09-24 14:44:52,938 WARN o.a.j.u.SSLManager: Keystore file not found, loading empty keystore
2025-09-24 14:44:53,219 INFO o.a.j.t.JMeterThread: Thread is done: transformation-encode 1-1
2025-09-24 14:44:53,219 INFO o.a.j.t.JMeterThread: Thread finished: transformation-encode 1-1
2025-09-24 14:44:53,219 INFO o.a.j.e.StandardJMeterEngine: Notifying test listeners of end of test
2025-09-24 14:44:53,220 INFO o.a.j.g.u.JMeterMenuBar: setRunning(false, *local*)
